<?xml version="1.0" encoding="UTF-8"?>
<!-- Generated by org.testng.reporters.JUnitReportReporter -->
<testsuite skipped="0" hostname="DESKTOP-L33J1GP" name="com.inetbanking.testCases.TC_LoginTest_001" tests="1" failures="0" timestamp="07 Mar 2020 12:50:39 GMT" time="2.839" errors="0">
  <testcase name="loginTest" time="2.839" classname="com.inetbanking.testCases.TC_LoginTest_001"/>
</testsuite> <!-- com.inetbanking.testCases.TC_LoginTest_001 -->
