<?xml version="1.0" encoding="UTF-8"?>
<!-- Generated by org.testng.reporters.JUnitReportReporter -->
<testsuite skipped="0" hostname="DESKTOP-L33J1GP" name="com.inetbanking.testCases.TC_AddCustomerTest_003" tests="1" failures="0" timestamp="07 Mar 2020 12:50:39 GMT" time="18.082" errors="0">
  <testcase name="addNewCustomer" time="18.082" classname="com.inetbanking.testCases.TC_AddCustomerTest_003"/>
</testsuite> <!-- com.inetbanking.testCases.TC_AddCustomerTest_003 -->
